Arguments: 
  C:\Program Files\nodejs\node.exe C:\Program Files (x86)\Yarn\bin\yarn.js install

PATH: 
  C:\Program Files\PowerShell\7;C:\Program Files\Common Files\Oracle\Java\javapath;C:\Program Files\OpenJDK\jdk-8.0.282.08-hotspot\bin;C:\WINDOWS\system32;C:\WINDOWS;C:\WINDOWS\System32\Wbem;C:\WINDOWS\System32\WindowsPowerShell\v1.0\;C:\WINDOWS\System32\OpenSSH\;C:\Users\emekao\AppData\Roaming\nvm;C:\Program Files\nodejs;C:\ProgramData\chocolatey\bin;C:\Program Files (x86)\Yarn\bin\;C:\Program Files\Git\cmd;C:\Program Files\OpenJDK\openjdk-8u302-b08\bin;C:\Program Files\OpenJDK\jdk-17\bin;C:\Program Files\PowerShell\7\;C:\Users\emekao\AppData\Local\python2\scripts;C:\Users\emekao\AppData\Local\python2;C:\Program Files\Java\jdk-17\bin;C:\Users\emekao\AppData\Local\Microsoft\WindowsApps;C:\Users\emekao\AppData\Roaming\nvm;C:\Program Files\nodejs;C:\Users\emekao\AppData\Local\Programs\Microsoft VS Code\bin;C:\Program Files\MongoDB\Server\4.4\bin;C:\Users\emekao\AppData\Local\Yarn\bin;C:\Users\emekao\AppData\Local\GitHubDesktop\bin;C:\Users\emekao\AppData\Local\hyper\app-3.0.2\resources\bin;C:\Program Files\PostgreSQL\12\bin;C:\Program Files\PostgreSQL\12\lib;C:\Program Files\heroku\bin;C:\Users\emekao\AppData\Roaming\nvm\v16.0.0;C:\Users\emekao\AppData\Local\Android\Sdk\platform-tools;

Yarn version: 
  1.22.5

Node version: 
  16.13.0

Platform: 
  win32 x64

Trace: 
  Error: EPERM: operation not permitted, copyfile 'C:\Users\emekao\AppData\Local\Yarn\Cache\v6\npm-ansi-escapes-3.2.0-8780b98ff9dbf5638152d1f1fe5c1d7b4442976b-integrity\node_modules\ansi-escapes\package.json' -> 'C:\Users\emekao\Workspace\udacity\React_Nano_Degree_Course\mobileFlashCards\node_modules\ansi-escapes\package.json'

npm manifest: 
  {
    "main": "node_modules/expo/AppEntry.js",
    "scripts": {
      "start": "expo start",
      "android": "expo start --android",
      "ios": "expo start --ios",
      "web": "expo start --web",
      "eject": "expo eject"
    },
    "dependencies": {
      "@react-native-async-storage/async-storage": "^1.15.9",
      "@react-navigation/native": "^6.0.5",
      "@react-navigation/native-stack": "^6.2.3",
      "@react-navigation/stack": "^6.0.10",
      "expo": "~42.0.1",
      "expo-notifications": "~0.12.3",
      "expo-permissions": "^12.1.1",
      "expo-status-bar": "~1.0.4",
      "react": "16.13.1",
      "react-dom": "16.13.1",
      "react-native": "https://github.com/expo/react-native/archive/sdk-42.0.0.tar.gz",
      "react-native-elements": "^3.4.2",
      "react-native-gesture-handler": "~1.10.2",
      "react-native-reanimated": "~2.2.0",
      "react-native-safe-area-context": "3.2.0",
      "react-native-screens": "~3.4.0",
      "react-native-web": "~0.13.12"
    },
    "devDependencies": {
      "@babel/core": "^7.9.0"
    },
    "private": true
  }

yarn manifest: 
  No manifest

Lockfile: 
  No lockfile
